

times in msec
 clock   self+sourced   self:  sourced script
 clock   elapsed:              other lines

000.009  000.009: --- NVIM STARTING ---
000.119  000.110: event init
000.186  000.068: early init
000.246  000.060: locale set
000.287  000.041: init first window
000.499  000.212: inits 1
000.509  000.011: window checked
000.511  000.002: parsing arguments
000.863  000.057  000.057: require('vim.shared')
000.952  000.035  000.035: require('vim._meta')
000.953  000.088  000.052: require('vim._editor')
000.954  000.168  000.023: require('vim._init_packages')
000.955  000.277: init lua interpreter
001.045  000.090: expanding arguments
001.097  000.052: inits 2
001.340  000.243: init highlight
001.342  000.002: waiting for UI
002.444  001.102: done waiting for UI
002.460  000.016: init screen for UI
002.641  000.182: init default mappings
002.659  000.018: init default autocommands
004.151  000.052  000.052: sourcing /usr/share/nvim/runtime/ftplugin.vim
004.414  000.029  000.029: sourcing /usr/share/nvim/runtime/indent.vim
004.488  000.011  000.011: sourcing /usr/share/nvim/archlinux.vim
004.492  000.037  000.025: sourcing /etc/xdg/nvim/sysinit.vim
005.768  001.214  001.214: require('config')
005.869  000.099  000.099: require('utils')
006.342  000.470  000.470: require('plugins')
007.773  000.286  000.286: require('packer.util')
007.798  001.420  001.134: require('packer')
018.251  010.451  010.451: require('impatient')
018.890  000.291  000.291: require('packer.log')
018.896  000.529  000.238: require('packer.async')
019.241  000.164  000.164: require('packer.result')
019.247  000.349  000.185: require('packer.jobs')
019.252  000.955  000.076: require('packer.plugin_utils')
019.369  000.106  000.106: require('packer.snapshot')
019.818  015.300  000.584: sourcing /home/liuxin/.config/nvim/init.lua
019.831  001.754: sourcing vimrc file(s)
021.022  000.752  000.752: sourcing /usr/share/nvim/runtime/filetype.lua
021.069  000.020  000.020: sourcing /usr/share/nvim/runtime/filetype.vim
021.463  000.093  000.093: sourcing /usr/share/nvim/runtime/syntax/synload.vim
021.579  000.457  000.365: sourcing /usr/share/nvim/runtime/syntax/syntax.vim
022.944  000.014  000.014: sourcing /usr/share/nvim/runtime/plugin/gzip.vim
022.974  000.010  000.010: sourcing /usr/share/nvim/runtime/plugin/health.vim
023.007  000.012  000.012: sourcing /usr/share/nvim/runtime/plugin/matchit.vim
023.035  000.011  000.011: sourcing /usr/share/nvim/runtime/plugin/matchparen.vim
023.071  000.017  000.017: sourcing /usr/share/nvim/runtime/plugin/netrwPlugin.vim
023.232  000.010  000.010: sourcing /home/liuxin/.local/share/nvim/rplugin.vim
023.240  000.149  000.139: sourcing /usr/share/nvim/runtime/plugin/rplugin.vim
023.318  000.059  000.059: sourcing /usr/share/nvim/runtime/plugin/shada.vim
023.367  000.021  000.021: sourcing /usr/share/nvim/runtime/plugin/spellfile.vim
023.408  000.016  000.016: sourcing /usr/share/nvim/runtime/plugin/tarPlugin.vim
023.441  000.011  000.011: sourcing /usr/share/nvim/runtime/plugin/tohtml.vim
023.483  000.018  000.018: sourcing /usr/share/nvim/runtime/plugin/tutor.vim
023.521  000.016  000.016: sourcing /usr/share/nvim/runtime/plugin/zipPlugin.vim
026.113  000.069  000.069: sourcing /usr/share/nvim/runtime/autoload/provider/pythonx.vim
057.919  000.143  000.143: sourcing /usr/share/nvim/runtime/autoload/remote/host.vim
057.989  032.200  031.988: sourcing /usr/share/nvim/runtime/autoload/provider/python3.vim
058.058  034.443  002.242: sourcing /usr/share/vim/vimfiles/plugin/black.vim
059.211  000.155  000.155: require('nvim-surround.config')
059.219  000.315  000.160: require('nvim-surround.buffer')
059.261  000.041  000.041: require('nvim-surround.cache')
059.345  000.038  000.038: require('nvim-surround.patterns')
059.348  000.084  000.046: require('nvim-surround.utils')
059.353  000.546  000.106: require('nvim-surround')
059.557  000.013  000.013: require('vim.keymap')
060.420  000.277  000.277: require('config.comment')
060.607  000.179  000.179: require('Comment')
060.688  000.076  000.076: require('ts_context_commentstring.integrations.comment_nvim')
060.779  000.052  000.052: require('Comment.config')
061.125  000.144  000.144: require('Comment.ft')
061.140  000.235  000.091: require('Comment.utils')
061.208  000.063  000.063: require('Comment.opfunc')
061.249  000.039  000.039: require('Comment.extra')
061.252  000.419  000.082: require('Comment.api')
061.496  000.120  000.120: require('config.hop')
061.678  000.180  000.180: require('hop')
061.875  000.082  000.082: require('hop.perm')
061.958  000.029  000.029: require('hop.priority')
061.963  000.084  000.054: require('hop.hint')
061.964  000.281  000.116: require('hop.defaults')
062.004  000.038  000.038: require('hop.highlight')
062.344  000.086  000.086: require('config.treesitter')
062.654  000.073  000.073: require('vim.treesitter.language')
062.666  000.137  000.063: require('vim.treesitter.query')
064.441  000.044  000.044: require('vim.treesitter.languagetree')
064.488  000.149  000.105: require('vim.treesitter')
064.616  001.857  001.708: require('nvim-treesitter.parsers')
064.678  000.061  000.061: require('nvim-treesitter.utils')
064.685  001.974  000.057: require('nvim-treesitter.ts_utils')
064.690  002.023  000.048: require('nvim-treesitter.tsrange')
064.724  000.033  000.033: require('nvim-treesitter.caching')
064.758  002.282  000.090: require('nvim-treesitter.query')
064.777  002.423  000.140: require('nvim-treesitter.configs')
065.000  000.038  000.038: require('nvim-treesitter.info')
065.046  000.043  000.043: require('nvim-treesitter.shell_command_selectors')
065.069  000.184  000.103: require('nvim-treesitter.install')
099.750  000.075  000.075: require('config.hlargs')
099.991  000.051  000.051: require('hlargs.config')
100.055  000.062  000.062: require('hlargs.util')
100.059  000.170  000.057: require('hlargs.parse')
100.174  000.035  000.035: require('hlargs.colorpalette')
100.177  000.074  000.038: require('hlargs.paint')
100.183  000.122  000.049: require('hlargs.bufdata')
100.190  000.367  000.074: require('hlargs.events')
100.193  000.434  000.068: require('hlargs')
100.597  000.116  000.116: require('fidget.log')
100.609  000.242  000.126: require('fidget')
100.734  000.090  000.090: require('fidget.spinners')
101.126  000.136  000.136: require('vim.lsp.log')
101.824  000.015  000.015: require('vim.F')
101.828  000.699  000.684: require('vim.lsp.protocol')
102.210  000.221  000.221: require('vim.lsp._snippet')
102.277  000.063  000.063: require('vim.highlight')
102.308  000.478  000.194: require('vim.lsp.util')
102.329  001.415  000.103: require('vim.lsp.handlers')
102.593  000.262  000.262: require('vim.lsp.rpc')
102.664  000.068  000.068: require('vim.lsp.sync')
102.821  000.154  000.154: require('vim.lsp.buf')
102.937  000.113  000.113: require('vim.lsp.diagnostic')
103.024  000.084  000.084: require('vim.lsp.codelens')
103.125  002.387  000.291: require('vim.lsp')
103.645  000.385  000.385: require('packer.load')
104.065  000.812  000.427: require('schemastore')
107.303  003.235  003.235: require('schemastore.catalog')
109.572  000.046  000.046: require('cmp_nvim_lsp.source')
109.579  000.111  000.065: require('cmp_nvim_lsp')
109.600  000.172  000.062: sourcing /home/liuxin/.local/share/nvim/site/pack/packer/opt/cmp-nvim-lsp/after/plugin/cmp_nvim_lsp.lua
109.607  000.626  000.453: require('cmp_nvim_lsp')
109.697  000.045  000.045: require('config.icons')
109.700  000.086  000.041: require('config.lsp.handlers')
109.894  000.169  000.169: require('vim.diagnostic')
109.948  006.779  001.852: require('config.lsp')
110.268  000.135  000.135: require('null-ls.methods')
110.281  000.202  000.067: require('null-ls.utils')
110.390  000.348  000.146: require('null-ls.config')
110.453  000.024  000.024: require('null-ls.helpers.cache')
110.488  000.033  000.033: require('null-ls.helpers.diagnostics')
110.516  000.026  000.026: require('null-ls.helpers.formatter_factory')
110.584  000.027  000.027: require('null-ls.logger')
110.624  000.039  000.039: require('null-ls.state')
110.626  000.109  000.043: require('null-ls.helpers.generator_factory')
110.684  000.028  000.028: require('null-ls.helpers.command_resolver')
110.716  000.089  000.061: require('null-ls.helpers.make_builtin')
110.746  000.029  000.029: require('null-ls.helpers.range_formatting_args_factory')
110.747  000.354  000.045: require('null-ls.helpers')
110.814  000.032  000.032: require('null-ls.diagnostics')
110.818  000.070  000.038: require('null-ls.sources')
110.847  000.026  000.026: require('null-ls.builtins')
110.849  000.846  000.047: require('null-ls')
110.928  000.077  000.077: require('null-ls.builtins.formatting.prettierd')
110.990  000.059  000.059: require('null-ls.builtins.formatting.shfmt')
111.044  000.052  000.052: require('null-ls.builtins.formatting.shellharden')
111.112  000.065  000.065: require('null-ls.builtins.formatting.fixjson')
111.187  000.073  000.073: require('null-ls.builtins.formatting.black')
111.265  000.069  000.069: require('null-ls.builtins.formatting.isort')
111.307  000.039  000.039: require('null-ls.builtins.formatting.stylua')
111.471  000.161  000.161: require('null-ls.builtins.diagnostics.write_good')
111.602  000.079  000.079: require('null-ls.builtins.diagnostics.eslint')
111.689  000.215  000.136: require('null-ls.builtins.diagnostics.eslint_d')
111.749  000.057  000.057: require('null-ls.builtins.diagnostics.flake8')
111.808  000.043  000.043: require('null-ls.builtins.diagnostics.shellcheck')
111.931  000.064  000.064: require('null-ls.builtins.diagnostics.zsh')
111.985  000.050  000.050: require('null-ls.builtins.code_actions.gitsigns')
112.026  000.033  000.033: require('null-ls.builtins.code_actions.gitrebase')
112.092  000.064  000.064: require('null-ls.builtins.code_actions.shellcheck')
112.130  000.035  000.035: require('null-ls.builtins.hover.dictionary')
112.132  002.181  000.178: require('config.lsp.null-ls')
112.658  000.058  000.058: require('null-ls.client')
112.729  000.034  000.034: require('config.lsp.installer')
112.881  000.075  000.075: require('lspconfig.util')
112.884  000.125  000.049: require('lspconfig.configs')
112.886  000.155  000.030: require('lspconfig')
112.979  000.031  000.031: require('mason-core.path')
112.995  000.080  000.050: require('mason.settings')
113.151  000.111  000.111: require('mason-core.functional')
113.225  000.027  000.027: require('mason-core.functional.data')
113.227  000.063  000.036: require('mason-core.functional.function')
113.284  000.044  000.044: require('mason-core.functional.relation')
113.328  000.037  000.037: require('mason-core.functional.logic')
113.342  000.345  000.090: require('mason-core.platform')
113.344  000.456  000.030: require('mason')
113.518  000.043  000.043: require('mason-core.functional.list')
113.534  000.119  000.077: require('mason.api.command')
113.675  000.069  000.069: require('mason-core.log')
113.756  000.042  000.042: require('mason-core.async')
113.793  000.035  000.035: require('mason-core.async.uv')
113.798  000.121  000.045: require('mason-core.fs')
113.855  000.056  000.056: require('mason-core.optional')
113.925  000.068  000.068: require('mason-core.EventEmitter')
114.065  000.138  000.138: require('mason-registry.index')
114.075  000.499  000.046: require('mason-registry')
114.078  000.542  000.043: require('mason-tool-installer')
114.135  000.045  000.045: require('mason-lspconfig')
114.169  000.029  000.029: require('mason-lspconfig.settings')
114.232  000.026  000.026: require('mason-core.notify')
114.235  000.062  000.036: require('mason-lspconfig.lspconfig_hook')
114.336  000.034  000.034: require('mason-core.functional.table')
114.390  000.149  000.115: require('mason-lspconfig.mappings.server')
114.425  000.032  000.032: require('mason-lspconfig.server_config_extensions')
114.465  000.039  000.039: require('lspconfig.server_configurations.omnisharp')
114.556  000.055  000.055: require('mason-lspconfig.ensure_installed')
114.692  000.034  000.034: require('mason-core.result')
114.902  000.113  000.113: require('mason-core.process')
114.970  000.217  000.104: require('mason-core.spawn')
115.034  000.061  000.061: require('mason-core.receipt')
115.087  000.044  000.044: require('mason-core.functional.string')
115.126  000.433  000.111: require('mason-core.installer.context')
115.168  000.040  000.040: require('mason-core.installer.linker')
115.201  000.032  000.032: require('mason-core.async.control')
115.205  000.596  000.057: require('mason-core.installer')
115.253  000.047  000.047: require('mason-core.installer.handle')
115.427  000.031  000.031: require('mason-core.managers.powershell')
115.429  000.071  000.040: require('mason-core.fetch')
115.431  000.100  000.029: require('mason-core.managers.cargo.client')
115.521  000.048  000.048: require('mason-core.managers.std')
115.591  000.030  000.030: require('mason-core.providers')
115.601  000.079  000.049: require('mason-core.managers.github.client')
115.606  000.174  000.048: require('mason-core.managers.github')
115.619  000.331  000.056: require('mason-core.managers.cargo')
115.720  000.100  000.100: require('mason-core.managers.composer')
115.775  000.053  000.053: require('mason-core.managers.gem')
115.817  000.040  000.040: require('mason-core.managers.git')
115.896  000.077  000.077: require('mason-core.managers.go')
115.967  000.069  000.069: require('mason-core.managers.luarocks')
116.025  000.057  000.057: require('mason-core.managers.npm')
116.075  000.048  000.048: require('mason-core.managers.pip3')
116.083  000.828  000.053: require('mason-core.package.version-check')
116.088  001.531  000.060: require('mason-core.package')
116.144  000.042  000.042: require('mason-registry.jdtls')
116.361  000.073  000.073: require('mason-registry.json-lsp')
116.457  000.085  000.085: require('mason-registry.clangd')
116.515  000.049  000.049: require('mason-registry.pyright')
116.596  000.041  000.041: require('mason-registry.html-lsp')
116.680  000.042  000.042: require('mason-registry.marksman')
116.735  000.043  000.043: require('mason-registry.taplo')
116.777  000.036  000.036: require('mason-registry.dockerfile-language-server')
116.818  000.036  000.036: require('mason-registry.yaml-language-server')
116.857  000.035  000.035: require('mason-registry.vim-language-server')
116.896  000.035  000.035: require('mason-registry.lua-language-server')
117.004  000.030  000.030: require('mason-core.functional.number')
117.028  000.111  000.081: require('mason-lspconfig.api.command')
117.286  000.062  000.062: require('lspconfig.server_configurations.vimls')
119.727  000.114  000.114: require('lspconfig.server_configurations.clangd')
121.904  000.057  000.057: require('lspconfig.server_configurations.marksman')
122.677  000.048  000.048: require('lspconfig.server_configurations.taplo')
123.205  000.051  000.051: require('lspconfig.server_configurations.jsonls')
123.810  000.056  000.056: require('lspconfig.server_configurations.html')
124.347  000.050  000.050: require('lspconfig.server_configurations.yamlls')
125.021  000.049  000.049: require('neodev')
125.063  000.038  000.038: require('neodev.config')
125.148  000.037  000.037: require('neodev.util')
125.152  000.082  000.046: require('neodev.lsp')
125.550  000.046  000.046: require('lspconfig.server_configurations.sumneko_lua')
126.142  000.053  000.053: require('lspconfig.server_configurations.dockerls')
126.761  000.068  000.068: require('lspconfig.server_configurations.pyright')
127.342  000.050  000.050: require('config.semantictokens')
127.477  000.050  000.050: require('nvim-semantic-tokens.utils')
127.933  000.047  000.047: require('nvim-semantic-tokens.semantic_tokens')
127.941  000.569  000.472: require('nvim-semantic-tokens')
127.996  000.054  000.054: require('nvim-semantic-tokens.table-highlighter')
128.135  000.033  000.033: require('config.project')
128.217  000.045  000.045: require('project_nvim.config')
128.317  000.053  000.053: require('project_nvim.utils.path')
128.324  000.105  000.052: require('project_nvim.utils.history')
128.325  000.187  000.037: require('project_nvim')
128.371  000.034  000.034: require('project_nvim.utils.globtopattern')
128.461  000.058  000.058: require('project_nvim.project')
129.274  000.057  000.057: require('config.alpha')
129.381  000.080  000.080: require('alpha')
129.440  000.057  000.057: require('alpha.themes.dashboard')
129.614  000.031  000.031: require('inlay-hints.cache')
129.616  000.070  000.039: require('inlay-hints')
129.645  000.028  000.028: require('inlay-hints.config')
129.676  000.022  000.022: require('inlay-hints.kind')
129.749  000.043  000.043: require('inlay-hints.adapter.tsserver')
129.793  000.042  000.042: require('inlay-hints.adapter.clangd')
129.822  000.028  000.028: require('inlay-hints.adapter.default')
129.823  000.146  000.033: require('inlay-hints.adapter')
129.851  000.027  000.027: require('inlay-hints.render')
129.886  000.032  000.032: require('inlay-hints.hints')
130.258  072.104  048.832: sourcing /home/liuxin/.config/nvim/plugin/packer_compiled.lua
133.850  000.087  000.087: sourcing /usr/share/nvim/runtime/plugin/man.lua
133.926  005.878: loading rtp plugins
134.986  000.426  000.426: sourcing /home/liuxin/.local/share/nvim/site/pack/packer/start/Comment.nvim/plugin/Comment.lua
135.620  000.332  000.332: sourcing /home/liuxin/.local/share/nvim/site/pack/packer/start/hop.nvim/plugin/hop.vim
135.952  000.063  000.063: sourcing /home/liuxin/.local/share/nvim/site/pack/packer/start/mason-tool-installer.nvim/plugin/mason-tool-installer.lua
136.228  000.094  000.094: sourcing /home/liuxin/.local/share/nvim/site/pack/packer/start/nvim-lspconfig/plugin/lspconfig.lua
136.562  000.037  000.037: require('nvim-treesitter.statusline')
136.617  000.052  000.052: require('nvim-treesitter.query_predicates')
136.621  000.153  000.064: require('nvim-treesitter')
137.031  000.592  000.439: sourcing /home/liuxin/.local/share/nvim/site/pack/packer/start/nvim-treesitter/plugin/nvim-treesitter.lua
137.309  000.027  000.027: sourcing /home/liuxin/.local/share/nvim/site/pack/packer/start/telescope-frecency.nvim/plugin/frecency.vim
138.004  000.043  000.043: require('illuminate.util')
138.084  000.077  000.077: require('illuminate.config')
138.118  000.032  000.032: require('illuminate.reference')
138.121  000.199  000.047: require('illuminate.highlight')
138.126  000.274  000.075: require('illuminate.engine')
138.223  000.062  000.062: require('illuminate')
138.330  000.596  000.260: sourcing /home/liuxin/.local/share/nvim/site/pack/packer/start/vim-illuminate/plugin/illuminate.vim
138.572  002.518: loading packages
138.856  000.136  000.136: sourcing /home/liuxin/.config/nvim/after/plugin/LargeFile.vim
138.894  000.013  000.013: sourcing /home/liuxin/.config/nvim/after/plugin/functions.vim
139.017  000.045  000.045: sourcing /home/liuxin/.local/share/nvim/site/pack/packer/opt/cmp-nvim-lsp/after/plugin/cmp_nvim_lsp.lua
139.180  000.072  000.072: sourcing /home/liuxin/.config/nvim/after/plugin/autocmds.lua
140.217  000.036  000.036: sourcing /usr/share/nvim/runtime/filetype.lua
140.259  000.018  000.018: sourcing /usr/share/nvim/runtime/filetype.vim
140.452  000.008  000.008: sourcing /usr/share/nvim/runtime/ftplugin.vim
140.662  000.021  000.021: sourcing /usr/share/nvim/runtime/indent.vim
140.904  000.133  000.133: require('catppuccin')
141.645  000.889  000.757: sourcing /home/liuxin/.local/share/nvim/site/pack/packer/start/catppuccin/colors/catppuccin.vim
141.756  002.554  001.582: sourcing /home/liuxin/.config/nvim/after/plugin/defaults.lua
142.037  000.245  000.245: sourcing /home/liuxin/.config/nvim/after/plugin/keymaps.lua
142.043  000.406: loading after plugins
142.060  000.017: inits 3
144.445  002.385: reading ShaDa
144.554  000.109: opening buffers
144.625  000.072: BufEnter autocommands
144.628  000.002: editing files in windows
145.881  000.017  000.017: sourcing /home/liuxin/.local/share/nvim/site/pack/packer/opt/which-key.nvim/plugin/which-key.vim
146.299  000.035  000.035: require('which-key.util')
146.303  000.067  000.033: require('which-key.tree')
146.366  000.061  000.061: require('which-key.config')
146.372  000.197  000.069: require('which-key.keys')
146.374  000.248  000.050: require('which-key')
146.539  000.053  000.053: require('which-key.plugins')
146.595  000.053  000.053: require('which-key.plugins.presets')
146.665  000.050  000.050: require('which-key.plugins.presets.misc')
146.831  000.040  000.040: require('which-key.plugins.marks')
146.917  000.082  000.082: require('which-key.mappings')
147.011  000.087  000.087: require('vim.inspect')
147.536  000.046  000.046: require('which-key.plugins.registers')
148.339  000.050  000.050: require('which-key.colors')
161.209  015.221  014.513: require('config.whichkey')
182.748  000.153  000.153: sourcing /home/liuxin/.local/share/nvim/site/pack/packer/opt/telescope.nvim/plugin/telescope.lua
183.001  000.055  000.055: require('telescope.actions.mt')
183.212  000.054  000.054: sourcing /home/liuxin/.local/share/nvim/site/pack/packer/opt/trouble.nvim/plugin/trouble.vim
183.620  000.053  000.053: require('trouble.config')
183.625  000.104  000.051: require('trouble.util')
183.659  000.033  000.033: require('trouble.providers.qf')
183.688  000.028  000.028: require('trouble.providers.telescope')
183.744  000.055  000.055: require('trouble.providers.lsp')
183.778  000.033  000.033: require('trouble.providers.diagnostic')
183.781  000.300  000.048: require('trouble.providers')
183.851  000.069  000.069: require('trouble.text')
183.882  000.029  000.029: require('trouble.folds')
183.884  000.448  000.050: require('trouble.renderer')
183.895  000.519  000.071: require('trouble.view')
183.926  000.030  000.030: require('trouble.colors')
184.045  000.734  000.185: require('trouble')
184.103  001.095  000.308: require('trouble.providers.telescope')
184.106  001.270  000.120: require('config.telescope')
184.510  000.032  000.032: sourcing /home/liuxin/.local/share/nvim/site/pack/packer/opt/plenary.nvim/plugin/plenary.vim
184.783  000.039  000.039: require('plenary.bit')
184.820  000.034  000.034: require('plenary.functional')
184.859  000.030  000.030: require('ffi')
184.871  000.225  000.121: require('plenary.path')
184.879  000.556  000.300: require('plenary.strings')
184.907  000.027  000.027: require('telescope.deprecated')
185.053  000.068  000.068: require('plenary.log')
185.066  000.108  000.039: require('telescope.log')
185.271  000.122  000.122: require('plenary.job')
185.311  000.038  000.038: require('telescope.state')
185.330  000.263  000.103: require('telescope.utils')
185.338  000.429  000.059: require('telescope.sorters')
187.038  002.791  001.778: require('telescope.config')
187.183  000.066  000.066: require('plenary.window.border')
187.225  000.040  000.040: require('plenary.window')
187.260  000.034  000.034: require('plenary.popup.utils')
187.266  000.223  000.083: require('plenary.popup')
187.313  000.045  000.045: require('telescope.pickers.scroller')
187.354  000.039  000.039: require('telescope.actions.state')
187.400  000.045  000.045: require('telescope.actions.utils')
187.471  000.070  000.070: require('telescope.actions.set')
187.568  000.052  000.052: require('telescope.config.resolve')
187.569  000.096  000.044: require('telescope.pickers.entry_display')
187.610  000.039  000.039: require('telescope.from_entry')
187.896  003.789  000.439: require('telescope.actions')
188.058  000.049  000.049: require('telescope.pickers.window')
188.154  000.208  000.160: require('telescope.pickers.layout_strategies')
188.187  000.289  000.081: require('telescope.actions.layout')
188.281  000.042  000.042: require('telescope._extensions')
188.284  000.095  000.053: require('telescope')
189.354  000.067  000.067: require('neoclip.settings')
189.361  000.134  000.067: require('neoclip')
189.612  000.143  000.143: require('fzf_lib')
189.617  000.209  000.067: require('telescope._extensions.fzf')
190.092  000.033  000.033: require('plenary.tbl')
190.097  000.085  000.051: require('plenary.vararg.rotate')
190.099  000.119  000.035: require('plenary.vararg')
190.141  000.042  000.042: require('plenary.errors')
190.146  000.208  000.047: require('plenary.async.async')
190.318  000.047  000.047: require('plenary.async.structs')
190.324  000.098  000.050: require('plenary.async.control')
190.330  000.147  000.049: require('plenary.async.util')
190.333  000.186  000.039: require('plenary.async.tests')
190.355  000.511  000.117: require('plenary.async')
190.416  000.059  000.059: require('telescope.debounce')
190.542  000.124  000.124: require('telescope.mappings')
190.600  000.056  000.056: require('telescope.pickers.highlights')
190.707  000.052  000.052: require('telescope.algos.linked_list')
190.713  000.111  000.060: require('telescope.entry_manager')
190.758  000.044  000.044: require('telescope.pickers.multi')
190.783  001.064  000.160: require('telescope.pickers')
190.841  000.057  000.057: require('telescope.themes')
191.403  000.213  000.213: require('telescope.make_entry')
191.479  000.073  000.073: require('telescope.finders.async_static_finder')
191.630  000.047  000.047: require('plenary.class')
191.733  000.210  000.163: require('telescope._')
191.736  000.255  000.045: require('telescope.finders.async_oneshot_finder')
191.789  000.052  000.052: require('telescope.finders.async_job_finder')
191.799  000.684  000.092: require('telescope.finders')
191.811  000.787  000.103: require('telescope.builtin.__lsp')
191.837  000.939  000.151: require('telescope.builtin')
191.961  000.071  000.071: require('telescope._extensions.project.utils')
192.062  000.099  000.099: require('plenary.iterators')
192.165  000.101  000.101: require('plenary.scandir')
192.169  000.331  000.060: require('telescope._extensions.project.git')
192.216  001.373  000.103: require('telescope._extensions.project.actions')
192.264  000.047  000.047: require('telescope._extensions.project.finders')
192.267  002.600  000.060: require('telescope._extensions.project.main')
192.317  002.691  000.091: require('telescope._extensions.project')
192.535  000.053  000.053: require('telescope.previewers.previewer')
192.659  000.123  000.123: require('telescope.previewers.term_previewer')
193.052  000.049  000.049: require('plenary.context_manager')
193.058  000.274  000.225: require('telescope.previewers.utils')
195.981  002.921  002.921: require('plenary.filetype')
196.059  003.398  000.203: require('telescope.previewers.buffer_previewer')
196.065  003.626  000.052: require('telescope.previewers')
196.138  000.070  000.070: require('telescope._extensions.repo.autocmd_lcd')
196.192  000.052  000.052: require('telescope._extensions.repo.utils')
196.245  000.052  000.052: require('telescope._extensions.repo.list')
196.289  000.042  000.042: require('telescope._extensions.repo.cached_list')
196.326  000.035  000.035: require('telescope._extensions.repo.config')
196.333  003.955  000.078: require('telescope._extensions.repo.main')
196.337  003.997  000.043: require('telescope._extensions.repo')
196.584  000.082  000.082: require('telescope._extensions.file_browser.utils')
196.651  000.269  000.187: require('telescope._extensions.file_browser.actions')
196.768  000.065  000.065: require('telescope._extensions.file_browser.make_entry')
196.791  000.138  000.073: require('telescope._extensions.file_browser.finders')
196.844  000.052  000.052: require('telescope._extensions.file_browser.picker')
196.905  000.059  000.059: require('telescope._extensions.file_browser.config')
196.907  000.565  000.048: require('telescope._extensions.file_browser')
197.009  000.071  000.071: require('telescope._extensions.projects')
197.618  000.314  000.314: sourcing /home/liuxin/.local/share/nvim/site/pack/packer/opt/nvim-dap/plugin/dap.lua
198.702  000.248  000.248: require('config.dap.lua')
199.783  000.698  000.698: require('dap.utils')
200.115  001.404  000.706: require('dap')
200.277  000.157  000.157: require('config.dap.python')
200.863  000.584  000.584: require('dap-python')
201.074  000.136  000.136: require('config.dap.rust')
201.202  000.098  000.098: require('config.dap.go')
201.797  000.593  000.593: require('dap-go')
201.996  000.160  000.160: require('config.dap.csharp')
202.213  000.198  000.198: require('config.dap.kotlin')
202.374  000.132  000.132: require('config.dap.javascript')
203.172  000.159  000.159: require('dap.breakpoints')
203.176  000.310  000.151: require('dap-vscode-js.utils')
203.217  000.439  000.130: require('dap-vscode-js.config')
203.592  000.176  000.176: require('dap-vscode-js.log')
203.615  000.373  000.197: require('dap-vscode-js.session')
203.897  000.168  000.168: require('dap-vscode-js.adapter')
203.900  000.283  000.115: require('dap-vscode-js.dap')
203.911  001.515  000.420: require('dap-vscode-js')
204.171  006.148  000.923: require('config.dap')
204.669  000.473  000.473: require('nvim-dap-virtual-text')
205.974  000.290  000.290: require('dapui.config')
205.989  000.484  000.194: require('dapui.util')
206.260  000.178  000.178: require('dapui.render.canvas')
206.382  000.119  000.119: require('dapui.render.loop')
206.384  000.393  000.096: require('dapui.render')
206.524  000.139  000.139: require('dapui.windows.layout')
206.538  001.341  000.324: require('dapui.windows')
206.570  001.794  000.453: require('dapui')
206.935  000.161  000.161: require('dapui.config.highlights')
207.331  000.246  000.246: require('dapui.state')
207.468  000.118  000.118: require('dapui.elements.console')
207.630  000.157  000.157: require('dapui.elements.watches')
207.875  000.143  000.143: require('dapui.components.variables')
207.878  000.246  000.103: require('dapui.components.watches')
207.914  000.032  000.032: require('dapui.elements.stacks')
207.972  000.030  000.030: require('dapui.components.frames')
207.974  000.059  000.029: require('dapui.components.threads')
208.005  000.028  000.028: require('dapui.elements.breakpoints')
208.065  000.030  000.030: require('dapui.components.buf_breakpoints')
208.066  000.060  000.030: require('dapui.components.breakpoints')
208.102  000.029  000.029: require('dapui.elements.scopes')
208.132  000.029  000.029: require('dapui.components.scopes')
208.234  000.036  000.036: require('dapui.components.hover')
208.236  000.073  000.037: require('dapui.elements.hover')
208.270  000.032  000.032: require('dapui.elements.repl')
208.566  000.047  000.047: require('config.dap.keymaps')
219.375  022.301  012.255: require('dap')
219.389  022.376  000.076: require('telescope._extensions.dap')
219.485  000.093  000.093: require('dap.ui')
219.761  000.042  000.042: sourcing /home/liuxin/.local/share/nvim/site/pack/packer/opt/nvim-web-devicons/plugin/nvim-web-devicons.vim
220.084  000.224  000.224: require('nvim-web-devicons')
222.111  002.565  002.299: require('nvim-web-devicons')
222.331  000.054  000.054: require('telescope._extensions.frecency.util')
222.384  000.049  000.049: require('sqlite')
222.393  000.181  000.077: require('telescope._extensions.frecency.sql_wrapper')
222.401  000.282  000.101: require('telescope._extensions.frecency.db_client')
222.414  002.924  000.077: require('telescope._extensions.frecency')
222.580  000.069  000.069: require('sqlite.utils')
225.047  002.454  002.454: require('sqlite.defs')
225.050  002.621  000.099: require('sqlite.db')
225.216  000.059  000.059: require('sqlite.stmt')
225.416  000.045  000.045: require('sqlite.json')
225.449  000.030  000.030: require('sqlite.assert')
225.454  000.136  000.061: require('sqlite.parser')
225.665  000.038  000.038: require('sqlite.helpers')
238.856  000.040  000.040: require('neoclip.linked_list')
238.866  000.088  000.048: require('neoclip.sorted_set')
238.876  000.144  000.055: require('neoclip.storage')
238.880  000.191  000.048: require('neoclip.handlers')
238.915  000.033  000.033: require('neoclip.utils')
238.951  000.034  000.034: require('neoclip.picker_utils')
238.959  000.350  000.091: require('neoclip.telescope')
239.105  000.576  000.226: require('telescope._extensions.neoclip')
239.215  000.051  000.051: require('telescope.actions.history')
239.219  000.109  000.058: require('telescope._extensions.smart_history')
239.341  000.050  000.050: require('telescope._extensions.arecibo.websearch.utils')
239.397  000.054  000.054: require('telescope._extensions.arecibo.websearch.misc')
239.438  000.039  000.039: require('telescope._extensions.arecibo.websearch.engines')
239.445  000.221  000.079: require('telescope._extensions.arecibo')
239.505  000.056  000.056: require('telescope._extensions.media_files')
239.598  000.039  000.039: require('telescope._extensions.bookmarks.utils')
239.666  000.039  000.039: require('telescope._extensions.bookmarks.actions')
239.677  000.168  000.090: require('telescope._extensions.bookmarks')
240.107  000.116  000.116: require('aerial')
240.288  000.606  000.490: require('telescope._extensions.aerial')
240.474  000.068  000.068: require('telescope._extensions.gh_previewers')
240.545  000.069  000.069: require('telescope._extensions.gh_actions')
240.594  000.047  000.047: require('telescope._extensions.gh_make_entry')
240.600  000.261  000.078: require('telescope._extensions.gh_builtin')
240.603  000.303  000.042: require('telescope._extensions.gh')
240.711  000.032  000.032: require('telescope._extensions.zoxide.utils')
240.717  000.075  000.043: require('telescope._extensions.zoxide.config')
240.759  000.040  000.040: require('telescope._extensions.zoxide.list')
240.761  000.154  000.039: require('telescope._extensions.zoxide')
240.921  000.055  000.055: require('telescope._extensions.cder')
242.040  001.089  001.089: require('vim.filetype')
243.088  000.199  000.199: require('vim.filetype.detect')
244.166  000.055  000.055: require('illuminate.providers.lsp')
244.286  000.055  000.055: require('nvim-treesitter.locals')
244.290  000.098  000.043: require('illuminate.providers.treesitter')
244.337  000.045  000.045: require('illuminate.providers.regex')
244.466  039.353: VimEnter autocommands
244.473  000.007: UIEnter autocommands
247.278  000.370  000.370: sourcing /usr/share/nvim/runtime/autoload/provider/clipboard.vim
247.287  002.445: before starting main loop
248.844  001.556: first screen update
248.847  000.003: --- NVIM STARTED ---


times in msec
 clock   self+sourced   self:  sourced script
 clock   elapsed:              other lines

000.008  000.008: --- NVIM STARTING ---
000.109  000.101: event init
000.167  000.058: early init
000.217  000.050: locale set
000.250  000.033: init first window
000.498  000.248: inits 1
000.508  000.010: window checked
000.509  000.002: parsing arguments
000.847  000.054  000.054: require('vim.shared')
000.941  000.031  000.031: require('vim._meta')
000.942  000.093  000.062: require('vim._editor')
000.943  000.169  000.022: require('vim._init_packages')
000.944  000.266: init lua interpreter
000.979  000.035: expanding arguments
001.018  000.040: inits 2
001.191  000.173: init highlight
001.192  000.001: waiting for UI
002.373  001.181: done waiting for UI
002.390  000.017: init screen for UI
002.534  000.144: init default mappings
002.548  000.014: init default autocommands
003.680  000.066  000.066: sourcing /usr/share/nvim/runtime/ftplugin.vim
004.055  000.030  000.030: sourcing /usr/share/nvim/runtime/indent.vim
004.119  000.010  000.010: sourcing /usr/share/nvim/archlinux.vim
004.122  000.030  000.020: sourcing /etc/xdg/nvim/sysinit.vim
004.991  000.819  000.819: require('config')
005.068  000.074  000.074: require('utils')
005.405  000.335  000.335: require('plugins')
006.431  000.213  000.213: require('packer.util')
006.449  001.017  000.804: require('packer')
014.218  007.768  007.768: require('impatient')
014.482  000.121  000.121: require('packer.log')
014.488  000.183  000.061: require('packer.async')
014.591  000.029  000.029: require('packer.result')
014.595  000.105  000.075: require('packer.jobs')
014.599  000.345  000.057: require('packer.plugin_utils')
014.643  000.036  000.036: require('packer.snapshot')
014.945  010.797  000.403: sourcing /home/liuxin/.config/nvim/init.lua
014.956  001.484: sourcing vimrc file(s)
015.688  000.453  000.453: sourcing /usr/share/nvim/runtime/filetype.lua
015.725  000.015  000.015: sourcing /usr/share/nvim/runtime/filetype.vim
016.021  000.066  000.066: sourcing /usr/share/nvim/runtime/syntax/synload.vim
016.110  000.317  000.250: sourcing /usr/share/nvim/runtime/syntax/syntax.vim
017.143  000.105  000.105: sourcing /usr/share/nvim/runtime/plugin/gzip.vim
017.171  000.007  000.007: sourcing /usr/share/nvim/runtime/plugin/health.vim
030.494  013.046  013.046: sourcing /usr/share/nvim/runtime/pack/dist/opt/matchit/plugin/matchit.vim
030.653  013.466  000.420: sourcing /usr/share/nvim/runtime/plugin/matchit.vim
030.775  000.099  000.099: sourcing /usr/share/nvim/runtime/plugin/matchparen.vim
031.637  000.844  000.844: sourcing /usr/share/nvim/runtime/plugin/netrwPlugin.vim
031.795  000.008  000.008: sourcing /home/liuxin/.local/share/nvim/rplugin.vim
031.802  000.128  000.120: sourcing /usr/share/nvim/runtime/plugin/rplugin.vim
031.874  000.055  000.055: sourcing /usr/share/nvim/runtime/plugin/shada.vim
031.944  000.021  000.021: sourcing /usr/share/nvim/runtime/plugin/spellfile.vim
032.037  000.069  000.069: sourcing /usr/share/nvim/runtime/plugin/tarPlugin.vim
032.271  000.204  000.204: sourcing /usr/share/nvim/runtime/plugin/tohtml.vim
032.329  000.016  000.016: sourcing /usr/share/nvim/runtime/plugin/tutor.vim
032.462  000.112  000.112: sourcing /usr/share/nvim/runtime/plugin/zipPlugin.vim
034.245  000.048  000.048: sourcing /usr/share/nvim/runtime/autoload/provider/pythonx.vim
060.839  000.137  000.137: sourcing /usr/share/nvim/runtime/autoload/remote/host.vim
060.905  026.867  026.682: sourcing /usr/share/nvim/runtime/autoload/provider/python3.vim
060.965  028.414  001.547: sourcing /usr/share/vim/vimfiles/plugin/black.vim
061.776  000.097  000.097: require('inlay-hints.cache')
061.780  000.182  000.085: require('inlay-hints')
061.816  000.035  000.035: require('inlay-hints.config')
061.904  000.053  000.053: require('inlay-hints.kind')
061.982  000.048  000.048: require('inlay-hints.adapter.tsserver')
062.013  000.030  000.030: require('inlay-hints.adapter.clangd')
062.053  000.038  000.038: require('inlay-hints.adapter.default')
062.054  000.148  000.032: require('inlay-hints.adapter')
062.207  000.042  000.042: require('inlay-hints.render')
062.262  000.053  000.053: require('inlay-hints.hints')
062.573  000.121  000.121: require('nvim-surround.config')
062.577  000.163  000.042: require('nvim-surround.buffer')
062.606  000.027  000.027: require('nvim-surround.cache')
062.718  000.080  000.080: require('nvim-surround.patterns')
062.725  000.118  000.038: require('nvim-surround.utils')
062.728  000.462  000.154: require('nvim-surround')
062.903  000.008  000.008: require('vim.keymap')
063.359  000.075  000.075: require('config.treesitter')
063.726  000.068  000.068: require('vim.treesitter.language')
063.735  000.129  000.060: require('vim.treesitter.query')
065.309  000.035  000.035: require('vim.treesitter.languagetree')
065.355  000.118  000.083: require('vim.treesitter')
065.469  001.603  001.486: require('nvim-treesitter.parsers')
065.521  000.050  000.050: require('nvim-treesitter.utils')
065.527  001.736  000.083: require('nvim-treesitter.ts_utils')
065.531  001.794  000.058: require('nvim-treesitter.tsrange')
065.560  000.028  000.028: require('nvim-treesitter.caching')
065.576  002.047  000.097: require('nvim-treesitter.query')
065.590  002.226  000.179: require('nvim-treesitter.configs')
065.757  000.033  000.033: require('nvim-treesitter.info')
065.802  000.043  000.043: require('nvim-treesitter.shell_command_selectors')
065.822  000.159  000.083: require('nvim-treesitter.install')
094.225  000.058  000.058: require('config.project')
094.344  000.065  000.065: require('project_nvim.config')
094.455  000.041  000.041: require('project_nvim.utils.path')
094.464  000.118  000.077: require('project_nvim.utils.history')
094.466  000.232  000.050: require('project_nvim')
094.580  000.067  000.067: require('project_nvim.utils.globtopattern')
094.718  000.099  000.099: require('project_nvim.project')
095.092  000.127  000.127: require('vim.lsp.log')
095.687  000.010  000.010: require('vim.F')
095.691  000.595  000.585: require('vim.lsp.protocol')
095.930  000.095  000.095: require('vim.lsp._snippet')
095.978  000.045  000.045: require('vim.highlight')
095.997  000.305  000.165: require('vim.lsp.util')
096.020  001.125  000.098: require('vim.lsp.handlers')
096.156  000.134  000.134: require('vim.lsp.rpc')
096.216  000.056  000.056: require('vim.lsp.sync')
096.366  000.148  000.148: require('vim.lsp.buf')
096.431  000.062  000.062: require('vim.lsp.diagnostic')
096.516  000.082  000.082: require('vim.lsp.codelens')
096.643  001.921  000.314: require('vim.lsp')
102.197  000.071  000.071: require('config.alpha')
102.300  000.098  000.098: require('alpha')
102.372  000.070  000.070: require('alpha.themes.dashboard')
102.488  000.033  000.033: require('config.hop')
102.579  000.088  000.088: require('hop')
102.892  000.276  000.276: require('hop.perm')
103.034  000.055  000.055: require('hop.priority')
103.045  000.144  000.088: require('hop.hint')
103.047  000.466  000.046: require('hop.defaults')
103.155  000.105  000.105: require('hop.highlight')
103.438  000.064  000.064: require('packer.load')
103.753  000.388  000.324: require('schemastore')
106.805  003.048  003.048: require('schemastore.catalog')
108.652  000.037  000.037: require('cmp_nvim_lsp.source')
108.660  000.096  000.059: require('cmp_nvim_lsp')
108.686  000.156  000.060: sourcing /home/liuxin/.local/share/nvim/site/pack/packer/opt/cmp-nvim-lsp/after/plugin/cmp_nvim_lsp.lua
108.692  000.781  000.626: require('cmp_nvim_lsp')
108.820  000.039  000.039: require('config.icons')
108.822  000.073  000.035: require('config.lsp.handlers')
109.002  000.160  000.160: require('vim.diagnostic')
109.009  005.726  001.274: require('config.lsp')
109.253  000.081  000.081: require('null-ls.methods')
109.265  000.134  000.053: require('null-ls.utils')
109.320  000.235  000.101: require('null-ls.config')
109.373  000.023  000.023: require('null-ls.helpers.cache')
109.406  000.031  000.031: require('null-ls.helpers.diagnostics')
109.430  000.022  000.022: require('null-ls.helpers.formatter_factory')
109.489  000.025  000.025: require('null-ls.logger')
109.537  000.030  000.030: require('null-ls.state')
109.539  000.108  000.054: require('null-ls.helpers.generator_factory')
109.589  000.025  000.025: require('null-ls.helpers.command_resolver')
109.590  000.050  000.025: require('null-ls.helpers.make_builtin')
109.613  000.022  000.022: require('null-ls.helpers.range_formatting_args_factory')
109.614  000.293  000.036: require('null-ls.helpers')
109.672  000.026  000.026: require('null-ls.diagnostics')
109.677  000.061  000.035: require('null-ls.sources')
109.703  000.024  000.024: require('null-ls.builtins')
109.705  000.664  000.051: require('null-ls')
109.775  000.068  000.068: require('null-ls.builtins.formatting.prettierd')
109.827  000.050  000.050: require('null-ls.builtins.formatting.shfmt')
109.861  000.032  000.032: require('null-ls.builtins.formatting.shellharden')
109.890  000.027  000.027: require('null-ls.builtins.formatting.fixjson')
109.937  000.046  000.046: require('null-ls.builtins.formatting.black')
110.009  000.034  000.034: require('null-ls.builtins.formatting.isort')
110.207  000.196  000.196: require('null-ls.builtins.formatting.stylua')
110.358  000.146  000.146: require('null-ls.builtins.diagnostics.write_good')
110.437  000.048  000.048: require('null-ls.builtins.diagnostics.eslint')
110.481  000.120  000.072: require('null-ls.builtins.diagnostics.eslint_d')
110.602  000.119  000.119: require('null-ls.builtins.diagnostics.flake8')
110.663  000.052  000.052: require('null-ls.builtins.diagnostics.shellcheck')
110.732  000.034  000.034: require('null-ls.builtins.diagnostics.zsh')
110.766  000.031  000.031: require('null-ls.builtins.code_actions.gitsigns')
110.801  000.029  000.029: require('null-ls.builtins.code_actions.gitrebase')
110.853  000.050  000.050: require('null-ls.builtins.code_actions.shellcheck')
110.890  000.035  000.035: require('null-ls.builtins.hover.dictionary')
110.892  001.881  000.147: require('config.lsp.null-ls')
111.576  000.064  000.064: require('null-ls.client')
111.651  000.032  000.032: require('config.lsp.installer')
111.835  000.115  000.115: require('lspconfig.util')
111.838  000.158  000.043: require('lspconfig.configs')
111.840  000.187  000.029: require('lspconfig')
111.972  000.027  000.027: require('mason-core.path')
111.987  000.074  000.047: require('mason.settings')
112.078  000.046  000.046: require('mason-core.functional')
112.139  000.022  000.022: require('mason-core.functional.data')
112.142  000.052  000.031: require('mason-core.functional.function')
112.174  000.022  000.022: require('mason-core.functional.relation')
112.206  000.027  000.027: require('mason-core.functional.logic')
112.224  000.236  000.089: require('mason-core.platform')
112.226  000.384  000.075: require('mason')
112.501  000.065  000.065: require('mason-core.functional.list')
112.519  000.264  000.199: require('mason.api.command')
112.663  000.068  000.068: require('mason-core.log')
112.746  000.042  000.042: require('mason-core.async')
112.778  000.030  000.030: require('mason-core.async.uv')
112.783  000.118  000.047: require('mason-core.fs')
112.823  000.039  000.039: require('mason-core.optional')
112.857  000.033  000.033: require('mason-core.EventEmitter')
113.057  000.195  000.195: require('mason-registry.index')
113.073  000.509  000.057: require('mason-registry')
113.079  000.558  000.050: require('mason-tool-installer')
113.154  000.061  000.061: require('mason-lspconfig')
113.252  000.045  000.045: require('mason-lspconfig.settings')
113.346  000.041  000.041: require('mason-core.notify')
113.350  000.092  000.051: require('mason-lspconfig.lspconfig_hook')
113.491  000.048  000.048: require('mason-core.functional.table')
113.561  000.200  000.152: require('mason-lspconfig.mappings.server')
113.611  000.047  000.047: require('mason-lspconfig.server_config_extensions')
113.675  000.062  000.062: require('lspconfig.server_configurations.omnisharp')
113.751  000.047  000.047: require('mason-lspconfig.ensure_installed')
113.948  000.051  000.051: require('mason-core.result')
114.229  000.153  000.153: require('mason-core.process')
114.360  000.334  000.181: require('mason-core.spawn')
114.486  000.121  000.121: require('mason-core.receipt')
114.556  000.051  000.051: require('mason-core.functional.string')
114.568  000.618  000.112: require('mason-core.installer.context')
114.610  000.040  000.040: require('mason-core.installer.linker')
114.649  000.038  000.038: require('mason-core.async.control')
114.654  000.826  000.079: require('mason-core.installer')
114.699  000.043  000.043: require('mason-core.installer.handle')
114.886  000.048  000.048: require('mason-core.managers.powershell')
114.888  000.083  000.035: require('mason-core.fetch')
114.889  000.108  000.025: require('mason-core.managers.cargo.client')
114.977  000.046  000.046: require('mason-core.managers.std')
115.051  000.033  000.033: require('mason-core.providers')
115.061  000.082  000.049: require('mason-core.managers.github.client')
115.067  000.176  000.048: require('mason-core.managers.github')
115.079  000.344  000.060: require('mason-core.managers.cargo')
115.126  000.046  000.046: require('mason-core.managers.composer')
115.173  000.045  000.045: require('mason-core.managers.gem')
115.208  000.035  000.035: require('mason-core.managers.git')
115.255  000.046  000.046: require('mason-core.managers.go')
115.306  000.049  000.049: require('mason-core.managers.luarocks')
115.357  000.050  000.050: require('mason-core.managers.npm')
115.404  000.045  000.045: require('mason-core.managers.pip3')
115.410  000.709  000.050: require('mason-core.package.version-check')
115.415  001.661  000.083: require('mason-core.package')
115.478  000.039  000.039: require('mason-registry.marksman')
115.620  000.044  000.044: require('mason-registry.taplo')
115.697  000.040  000.040: require('mason-registry.html-lsp')
115.758  000.038  000.038: require('mason-registry.yaml-language-server')
115.852  000.074  000.074: require('mason-registry.vim-language-server')
115.912  000.044  000.044: require('mason-registry.lua-language-server')
115.963  000.039  000.039: require('mason-registry.jdtls')
116.017  000.049  000.049: require('mason-registry.clangd')
116.054  000.032  000.032: require('mason-registry.dockerfile-language-server')
116.088  000.030  000.030: require('mason-registry.json-lsp')
116.166  000.037  000.037: require('mason-registry.pyright')
116.238  000.027  000.027: require('mason-core.functional.number')
116.257  000.088  000.061: require('mason-lspconfig.api.command')
116.461  000.040  000.040: require('lspconfig.server_configurations.taplo')
122.592  000.073  000.073: require('lspconfig.server_configurations.jsonls')
123.328  000.053  000.053: require('lspconfig.server_configurations.dockerls')
123.861  000.049  000.049: require('lspconfig.server_configurations.html')
124.480  000.046  000.046: require('lspconfig.server_configurations.vimls')
125.012  000.049  000.049: require('lspconfig.server_configurations.pyright')
126.537  000.042  000.042: require('neodev')
126.571  000.030  000.030: require('neodev.config')
126.639  000.030  000.030: require('neodev.util')
126.641  000.063  000.033: require('neodev.lsp')
127.050  000.046  000.046: require('lspconfig.server_configurations.sumneko_lua')
127.685  000.072  000.072: require('lspconfig.server_configurations.clangd')
128.707  000.058  000.058: require('lspconfig.server_configurations.yamlls')
129.401  000.052  000.052: require('lspconfig.server_configurations.marksman')
129.895  000.042  000.042: require('config.semantictokens')
130.002  000.032  000.032: require('nvim-semantic-tokens.utils')
130.397  000.036  000.036: require('nvim-semantic-tokens.semantic_tokens')
130.402  000.480  000.412: require('nvim-semantic-tokens')
130.434  000.031  000.031: require('nvim-semantic-tokens.table-highlighter')
130.516  000.027  000.027: require('config.comment')
130.553  000.035  000.035: require('Comment')
130.585  000.030  000.030: require('ts_context_commentstring.integrations.comment_nvim')
130.619  000.032  000.032: require('Comment.config')
130.753  000.060  000.060: require('Comment.ft')
130.759  000.104  000.044: require('Comment.utils')
130.817  000.030  000.030: require('Comment.opfunc')
130.849  000.030  000.030: require('Comment.extra')
130.852  000.228  000.064: require('Comment.api')
130.934  000.027  000.027: require('config.hlargs')
131.071  000.033  000.033: require('hlargs.config')
131.117  000.044  000.044: require('hlargs.util')
131.119  000.112  000.035: require('hlargs.parse')
131.200  000.027  000.027: require('hlargs.colorpalette')
131.202  000.053  000.026: require('hlargs.paint')
131.205  000.086  000.032: require('hlargs.bufdata')
131.211  000.251  000.054: require('hlargs.events')
131.212  000.277  000.025: require('hlargs')
131.495  000.054  000.054: require('fidget.log')
131.503  000.134  000.080: require('fidget')
131.611  000.071  000.071: require('fidget.spinners')
132.060  071.008  050.306: sourcing /home/liuxin/.config/nvim/plugin/packer_compiled.lua
132.309  000.043  000.043: sourcing /usr/share/nvim/runtime/plugin/man.lua
132.357  002.023: loading rtp plugins
132.956  000.135  000.135: sourcing /home/liuxin/.local/share/nvim/site/pack/packer/start/Comment.nvim/plugin/Comment.lua
133.339  000.143  000.143: sourcing /home/liuxin/.local/share/nvim/site/pack/packer/start/hop.nvim/plugin/hop.vim
133.592  000.046  000.046: sourcing /home/liuxin/.local/share/nvim/site/pack/packer/start/mason-tool-installer.nvim/plugin/mason-tool-installer.lua
133.845  000.072  000.072: sourcing /home/liuxin/.local/share/nvim/site/pack/packer/start/nvim-lspconfig/plugin/lspconfig.lua
134.089  000.030  000.030: require('nvim-treesitter.statusline')
134.150  000.059  000.059: require('nvim-treesitter.query_predicates')
134.153  000.127  000.038: require('nvim-treesitter')
134.463  000.456  000.330: sourcing /home/liuxin/.local/share/nvim/site/pack/packer/start/nvim-treesitter/plugin/nvim-treesitter.lua
134.733  000.022  000.022: sourcing /home/liuxin/.local/share/nvim/site/pack/packer/start/telescope-frecency.nvim/plugin/frecency.vim
135.237  000.027  000.027: require('illuminate.util')
135.306  000.066  000.066: require('illuminate.config')
135.350  000.041  000.041: require('illuminate.reference')
135.354  000.173  000.039: require('illuminate.highlight')
135.361  000.233  000.060: require('illuminate.engine')
135.430  000.050  000.050: require('illuminate')
135.549  000.533  000.250: sourcing /home/liuxin/.local/share/nvim/site/pack/packer/start/vim-illuminate/plugin/illuminate.vim
135.689  001.925: loading packages
135.928  000.110  000.110: sourcing /home/liuxin/.config/nvim/after/plugin/LargeFile.vim
135.972  000.014  000.014: sourcing /home/liuxin/.config/nvim/after/plugin/functions.vim
136.093  000.044  000.044: sourcing /home/liuxin/.local/share/nvim/site/pack/packer/opt/cmp-nvim-lsp/after/plugin/cmp_nvim_lsp.lua
136.387  000.110  000.110: sourcing /home/liuxin/.config/nvim/after/plugin/autocmds.lua
137.497  000.028  000.028: sourcing /usr/share/nvim/runtime/filetype.lua
137.545  000.016  000.016: sourcing /usr/share/nvim/runtime/filetype.vim
137.850  000.011  000.011: sourcing /usr/share/nvim/runtime/ftplugin.vim
138.128  000.010  000.010: sourcing /usr/share/nvim/runtime/indent.vim
138.364  000.106  000.106: require('catppuccin')
139.003  000.758  000.652: sourcing /home/liuxin/.local/share/nvim/site/pack/packer/start/catppuccin/colors/catppuccin.vim
139.097  002.675  001.851: sourcing /home/liuxin/.config/nvim/after/plugin/defaults.lua
139.379  000.244  000.244: sourcing /home/liuxin/.config/nvim/after/plugin/keymaps.lua
139.384  000.499: loading after plugins
139.398  000.014: inits 3
141.767  002.368: reading ShaDa
141.894  000.127: opening buffers
141.979  000.085: BufEnter autocommands
141.982  000.003: editing files in windows
143.454  000.020  000.020: sourcing /home/liuxin/.local/share/nvim/site/pack/packer/opt/which-key.nvim/plugin/which-key.vim
144.185  000.033  000.033: require('which-key.util')
144.189  000.070  000.037: require('which-key.tree')
144.247  000.057  000.057: require('which-key.config')
144.252  000.224  000.097: require('which-key.keys')
144.260  000.316  000.092: require('which-key')
144.371  000.036  000.036: require('which-key.plugins')
144.429  000.035  000.035: require('which-key.plugins.registers')
144.469  000.038  000.038: require('which-key.mappings')
144.539  000.056  000.056: require('vim.inspect')
145.355  000.047  000.047: require('which-key.plugins.marks')
145.981  000.059  000.059: require('which-key.plugins.presets')
146.030  000.046  000.046: require('which-key.plugins.presets.misc')
146.136  000.035  000.035: require('which-key.colors')
157.003  013.296  012.629: require('config.whichkey')
178.790  000.254  000.254: sourcing /home/liuxin/.local/share/nvim/site/pack/packer/opt/telescope.nvim/plugin/telescope.lua
179.033  000.041  000.041: require('telescope.actions.mt')
179.309  000.108  000.108: sourcing /home/liuxin/.local/share/nvim/site/pack/packer/opt/trouble.nvim/plugin/trouble.vim
179.806  000.074  000.074: require('trouble.config')
179.811  000.130  000.056: require('trouble.util')
179.850  000.038  000.038: require('trouble.providers.qf')
179.890  000.039  000.039: require('trouble.providers.telescope')
179.939  000.048  000.048: require('trouble.providers.lsp')
179.978  000.037  000.037: require('trouble.providers.diagnostic')
179.982  000.346  000.055: require('trouble.providers')
180.045  000.062  000.062: require('trouble.text')
180.092  000.045  000.045: require('trouble.folds')
180.096  000.543  000.089: require('trouble.renderer')
180.120  000.632  000.089: require('trouble.view')
180.161  000.040  000.040: require('trouble.colors')
180.219  000.801  000.130: require('trouble')
180.380  001.339  000.430: require('trouble.providers.telescope')
180.384  001.499  000.118: require('config.telescope')
181.072  000.041  000.041: sourcing /home/liuxin/.local/share/nvim/site/pack/packer/opt/plenary.nvim/plugin/plenary.vim
181.622  000.098  000.098: require('plenary.bit')
181.684  000.059  000.059: require('plenary.functional')
181.752  000.052  000.052: require('ffi')
181.772  000.498  000.289: require('plenary.path')
181.779  000.960  000.421: require('plenary.strings')
181.831  000.050  000.050: require('telescope.deprecated')
182.080  000.114  000.114: require('plenary.log')
182.101  000.199  000.084: require('telescope.log')
182.298  000.117  000.117: require('plenary.job')
182.346  000.045  000.045: require('telescope.state')
182.359  000.256  000.093: require('telescope.utils')
182.366  000.534  000.080: require('telescope.sorters')
184.514  003.926  002.381: require('telescope.config')
184.767  000.083  000.083: require('plenary.window.border')
184.818  000.048  000.048: require('plenary.window')
184.860  000.040  000.040: require('plenary.popup.utils')
184.864  000.324  000.152: require('plenary.popup')
184.917  000.051  000.051: require('telescope.pickers.scroller')
184.971  000.052  000.052: require('telescope.actions.state')
185.020  000.048  000.048: require('telescope.actions.utils')
185.115  000.094  000.094: require('telescope.actions.set')
185.218  000.060  000.060: require('telescope.config.resolve')
185.220  000.103  000.043: require('telescope.pickers.entry_display')
185.260  000.038  000.038: require('telescope.from_entry')
185.635  005.249  000.613: require('telescope.actions')
185.836  000.060  000.060: require('telescope.pickers.window')
185.940  000.235  000.175: require('telescope.pickers.layout_strategies')
185.982  000.344  000.109: require('telescope.actions.layout')
186.074  000.038  000.038: require('telescope._extensions')
186.078  000.094  000.056: require('telescope')
187.420  000.088  000.088: require('neoclip.settings')
187.426  000.175  000.087: require('neoclip')
187.743  000.181  000.181: require('fzf_lib')
187.754  000.252  000.071: require('telescope._extensions.fzf')
188.354  000.048  000.048: require('plenary.tbl')
188.361  000.108  000.060: require('plenary.vararg.rotate')
188.362  000.146  000.038: require('plenary.vararg')
188.403  000.039  000.039: require('plenary.errors')
188.410  000.249  000.064: require('plenary.async.async')
188.725  000.153  000.153: require('plenary.async.structs')
188.737  000.229  000.076: require('plenary.async.control')
188.878  000.419  000.190: require('plenary.async.util')
188.884  000.472  000.053: require('plenary.async.tests')
188.886  000.827  000.105: require('plenary.async')
188.987  000.098  000.098: require('telescope.debounce')
189.137  000.148  000.148: require('telescope.mappings')
189.198  000.058  000.058: require('telescope.pickers.highlights')
189.303  000.047  000.047: require('telescope.algos.linked_list')
189.307  000.107  000.060: require('telescope.entry_manager')
189.373  000.065  000.065: require('telescope.pickers.multi')
189.402  001.498  000.196: require('telescope.pickers')
189.450  000.046  000.046: require('telescope.themes')
189.954  000.225  000.225: require('telescope.make_entry')
190.061  000.104  000.104: require('telescope.finders.async_static_finder')
190.209  000.042  000.042: require('plenary.class')
190.223  000.111  000.068: require('telescope._')
190.224  000.161  000.050: require('telescope.finders.async_oneshot_finder')
190.275  000.050  000.050: require('telescope.finders.async_job_finder')
190.281  000.622  000.082: require('telescope.finders')
190.297  000.710  000.087: require('telescope.builtin.__lsp')
190.323  000.823  000.114: require('telescope.builtin')
190.446  000.073  000.073: require('telescope._extensions.project.utils')
190.546  000.099  000.099: require('plenary.iterators')
190.828  000.280  000.280: require('plenary.scandir')
190.834  000.509  000.057: require('telescope._extensions.project.git')
190.900  001.449  000.116: require('telescope._extensions.project.actions')
190.978  000.076  000.076: require('telescope._extensions.project.finders')
190.982  003.151  000.082: require('telescope._extensions.project.main')
191.060  003.285  000.134: require('telescope._extensions.project')
191.691  000.397  000.397: require('telescope.previewers.previewer')
192.185  000.491  000.491: require('telescope.previewers.term_previewer')
193.698  000.264  000.264: require('plenary.context_manager')
193.732  001.211  000.947: require('telescope.previewers.utils')
199.986  006.251  006.251: require('plenary.filetype')
200.172  007.983  000.521: require('telescope.previewers.buffer_previewer')
200.188  008.958  000.087: require('telescope.previewers')
200.368  000.177  000.177: require('telescope._extensions.repo.autocmd_lcd')
200.514  000.144  000.144: require('telescope._extensions.repo.utils')
200.654  000.138  000.138: require('telescope._extensions.repo.list')
200.770  000.114  000.114: require('telescope._extensions.repo.cached_list')
200.862  000.091  000.091: require('telescope._extensions.repo.config')
200.887  009.738  000.116: require('telescope._extensions.repo.main')
200.902  009.815  000.077: require('telescope._extensions.repo')
201.567  000.367  000.367: require('telescope._extensions.file_browser.utils')
201.916  000.888  000.522: require('telescope._extensions.file_browser.actions')
202.231  000.165  000.165: require('telescope._extensions.file_browser.make_entry')
202.273  000.353  000.188: require('telescope._extensions.file_browser.finders')
202.464  000.189  000.189: require('telescope._extensions.file_browser.picker')
202.687  000.221  000.221: require('telescope._extensions.file_browser.config')
202.692  001.786  000.134: require('telescope._extensions.file_browser')
202.791  000.064  000.064: require('telescope._extensions.projects')
203.324  000.125  000.125: sourcing /home/liuxin/.local/share/nvim/site/pack/packer/opt/nvim-dap/plugin/dap.lua
203.540  000.035  000.035: require('config.dap.lua')
203.702  000.049  000.049: require('dap.utils')
203.769  000.225  000.177: require('dap')
203.831  000.059  000.059: require('config.dap.python')
204.175  000.341  000.341: require('dap-python')
204.238  000.034  000.034: require('config.dap.rust')
204.274  000.027  000.027: require('config.dap.go')
204.564  000.288  000.288: require('dap-go')
204.607  000.036  000.036: require('config.dap.csharp')
204.640  000.029  000.029: require('config.dap.kotlin')
204.691  000.043  000.043: require('config.dap.javascript')
205.107  000.050  000.050: require('dap.breakpoints')
205.144  000.138  000.087: require('dap-vscode-js.utils')
205.159  000.192  000.055: require('dap-vscode-js.config')
205.259  000.044  000.044: require('dap-vscode-js.log')
205.264  000.103  000.058: require('dap-vscode-js.session')
205.339  000.041  000.041: require('dap-vscode-js.adapter')
205.342  000.076  000.036: require('dap-vscode-js.dap')
205.344  000.651  000.280: require('dap-vscode-js')
205.485  002.047  000.278: require('config.dap')
205.816  000.305  000.305: require('nvim-dap-virtual-text')
206.414  000.071  000.071: require('dapui.config')
206.421  000.127  000.057: require('dapui.util')
206.517  000.058  000.058: require('dapui.render.canvas')
206.558  000.039  000.039: require('dapui.render.loop')
206.560  000.138  000.041: require('dapui.render')
206.609  000.047  000.047: require('dapui.windows.layout')
206.614  000.376  000.065: require('dapui.windows')
206.620  000.755  000.379: require('dapui')
206.815  000.082  000.082: require('dapui.config.highlights')
207.035  000.075  000.075: require('dapui.state')
207.085  000.039  000.039: require('dapui.elements.breakpoints')
207.161  000.039  000.039: require('dapui.components.buf_breakpoints')
207.163  000.076  000.038: require('dapui.components.breakpoints')
207.207  000.035  000.035: require('dapui.elements.scopes')
207.284  000.042  000.042: require('dapui.components.variables')
207.286  000.078  000.035: require('dapui.components.scopes')
207.326  000.036  000.036: require('dapui.elements.repl')
207.400  000.037  000.037: require('dapui.components.hover')
207.403  000.073  000.035: require('dapui.elements.hover')
207.445  000.039  000.039: require('dapui.elements.console')
207.481  000.032  000.032: require('dapui.elements.watches')
207.524  000.041  000.041: require('dapui.components.watches')
207.558  000.030  000.030: require('dapui.elements.stacks')
207.625  000.033  000.033: require('dapui.components.frames')
207.628  000.068  000.035: require('dapui.components.threads')
207.876  000.047  000.047: require('config.dap.keymaps')
223.490  020.541  016.560: require('dap')
223.507  020.654  000.112: require('telescope._extensions.dap')
223.591  000.082  000.082: require('dap.ui')
223.875  000.042  000.042: sourcing /home/liuxin/.local/share/nvim/site/pack/packer/opt/nvim-web-devicons/plugin/nvim-web-devicons.vim
224.205  000.232  000.232: require('nvim-web-devicons')
225.876  002.222  001.948: require('nvim-web-devicons')
225.998  000.026  000.026: require('telescope._extensions.frecency.util')
226.026  000.026  000.026: require('sqlite')
226.030  000.093  000.042: require('telescope._extensions.frecency.sql_wrapper')
226.034  000.153  000.059: require('telescope._extensions.frecency.db_client')
226.040  002.443  000.069: require('telescope._extensions.frecency')
226.125  000.036  000.036: require('sqlite.utils')
227.465  001.334  001.334: require('sqlite.defs')
227.468  001.420  000.050: require('sqlite.db')
227.636  000.051  000.051: require('sqlite.stmt')
227.862  000.049  000.049: require('sqlite.json')
227.895  000.029  000.029: require('sqlite.assert')
227.899  000.143  000.065: require('sqlite.parser')
228.166  000.051  000.051: require('sqlite.helpers')
239.497  000.039  000.039: require('neoclip.linked_list')
239.505  000.082  000.043: require('neoclip.sorted_set')
239.514  000.129  000.047: require('neoclip.storage')
239.517  000.175  000.046: require('neoclip.handlers')
239.556  000.036  000.036: require('neoclip.utils')
239.591  000.033  000.033: require('neoclip.picker_utils')
239.598  000.333  000.088: require('neoclip.telescope')
239.647  000.451  000.119: require('telescope._extensions.neoclip')
239.747  000.049  000.049: require('telescope.actions.history')
239.751  000.100  000.051: require('telescope._extensions.smart_history')
239.863  000.047  000.047: require('telescope._extensions.arecibo.websearch.utils')
239.918  000.054  000.054: require('telescope._extensions.arecibo.websearch.misc')
239.957  000.037  000.037: require('telescope._extensions.arecibo.websearch.engines')
239.970  000.215  000.078: require('telescope._extensions.arecibo')
240.061  000.058  000.058: require('telescope._extensions.media_files')
240.152  000.039  000.039: require('telescope._extensions.bookmarks.utils')
240.189  000.035  000.035: require('telescope._extensions.bookmarks.actions')
240.199  000.134  000.060: require('telescope._extensions.bookmarks')
240.635  000.121  000.121: require('aerial')
240.786  000.581  000.460: require('telescope._extensions.aerial')
240.904  000.030  000.030: require('telescope._extensions.gh_previewers')
240.953  000.047  000.047: require('telescope._extensions.gh_actions')
240.985  000.031  000.031: require('telescope._extensions.gh_make_entry')
240.988  000.167  000.059: require('telescope._extensions.gh_builtin')
240.990  000.196  000.028: require('telescope._extensions.gh')
241.068  000.022  000.022: require('telescope._extensions.zoxide.utils')
241.071  000.055  000.033: require('telescope._extensions.zoxide.config')
241.104  000.032  000.032: require('telescope._extensions.zoxide.list')
241.106  000.113  000.026: require('telescope._extensions.zoxide')
241.152  000.032  000.032: require('telescope._extensions.cder')
242.105  000.925  000.925: require('vim.filetype')
242.866  000.164  000.164: require('vim.filetype.detect')
243.654  000.050  000.050: require('illuminate.providers.lsp')
243.734  000.043  000.043: require('nvim-treesitter.locals')
243.736  000.073  000.031: require('illuminate.providers.treesitter')
243.773  000.034  000.034: require('illuminate.providers.regex')
243.876  037.789: VimEnter autocommands
243.883  000.007: UIEnter autocommands
245.784  000.273  000.273: sourcing /usr/share/nvim/runtime/autoload/provider/clipboard.vim
245.794  001.638: before starting main loop
247.405  001.611: first screen update
247.408  000.003: --- NVIM STARTED ---
